CRITICAL - 2023-10-01 07:39:13 --> Invalid file: "signup.php"
in SYSTEMPATH\Exceptions\FrameworkException.php on line 39.
 1 SYSTEMPATH\View\View.php(214): CodeIgniter\Exceptions\FrameworkException::forInvalidFile('signup.php')
 2 SYSTEMPATH\Common.php(1188): CodeIgniter\View\View->render('signup', [], true)
 3 APPPATH\Controllers\SignupController.php(12): view('signup', [])
 4 SYSTEMPATH\CodeIgniter.php(919): App\Controllers\SignupController->index()
 5 SYSTEMPATH\CodeIgniter.php(494): CodeIgniter\CodeIgniter->runController(Object(App\Controllers\SignupController))
 6 SYSTEMPATH\CodeIgniter.php(353): CodeIgniter\CodeIgniter->handleRequest(null, Object(Config\Cache), false)
 7 FCPATH\index.php(79): CodeIgniter\CodeIgniter->run()
 8 SYSTEMPATH\Commands\Server\rewrite.php(47): require_once('C:\\Laragon\\laragon\\www\\ecommerce\\public\\index.php')
CRITICAL - 2023-10-01 07:39:54 --> Invalid file: "signup.php"
in SYSTEMPATH\Exceptions\FrameworkException.php on line 39.
 1 SYSTEMPATH\View\View.php(214): CodeIgniter\Exceptions\FrameworkException::forInvalidFile('signup.php')
 2 SYSTEMPATH\Common.php(1188): CodeIgniter\View\View->render('signup', [], true)
 3 APPPATH\Controllers\SignupController.php(12): view('signup', [])
 4 SYSTEMPATH\CodeIgniter.php(919): App\Controllers\SignupController->index()
 5 SYSTEMPATH\CodeIgniter.php(494): CodeIgniter\CodeIgniter->runController(Object(App\Controllers\SignupController))
 6 SYSTEMPATH\CodeIgniter.php(353): CodeIgniter\CodeIgniter->handleRequest(null, Object(Config\Cache), false)
 7 FCPATH\index.php(79): CodeIgniter\CodeIgniter->run()
 8 SYSTEMPATH\Commands\Server\rewrite.php(47): require_once('C:\\Laragon\\laragon\\www\\ecommerce\\public\\index.php')
CRITICAL - 2023-10-01 07:46:26 --> Invalid file: "signup.php"
in SYSTEMPATH\Exceptions\FrameworkException.php on line 39.
 1 SYSTEMPATH\View\View.php(214): CodeIgniter\Exceptions\FrameworkException::forInvalidFile('signup.php')
 2 SYSTEMPATH\Common.php(1188): CodeIgniter\View\View->render('signup', [], true)
 3 APPPATH\Controllers\SignupController.php(12): view('signup', [])
 4 SYSTEMPATH\CodeIgniter.php(919): App\Controllers\SignupController->index()
 5 SYSTEMPATH\CodeIgniter.php(494): CodeIgniter\CodeIgniter->runController(Object(App\Controllers\SignupController))
 6 SYSTEMPATH\CodeIgniter.php(353): CodeIgniter\CodeIgniter->handleRequest(null, Object(Config\Cache), false)
 7 FCPATH\index.php(79): CodeIgniter\CodeIgniter->run()
 8 SYSTEMPATH\Commands\Server\rewrite.php(47): require_once('C:\\Laragon\\laragon\\www\\ecommerce\\public\\index.php')
ERROR - 2023-10-01 07:47:36 --> mysqli_sql_exception: Table 'codemmerce.users' doesn't exist in C:\Laragon\laragon\www\ecommerce\system\Database\MySQLi\Connection.php:306
Stack trace:
#0 C:\Laragon\laragon\www\ecommerce\system\Database\MySQLi\Connection.php(306): mysqli->query('SELECT 1\nFROM `...', 0)
#1 C:\Laragon\laragon\www\ecommerce\system\Database\BaseConnection.php(692): CodeIgniter\Database\MySQLi\Connection->execute('SELECT 1\nFROM `...')
#2 C:\Laragon\laragon\www\ecommerce\system\Database\BaseConnection.php(606): CodeIgniter\Database\BaseConnection->simpleQuery('SELECT 1\nFROM `...')
#3 C:\Laragon\laragon\www\ecommerce\system\Database\BaseBuilder.php(1615): CodeIgniter\Database\BaseConnection->query('SELECT 1\nFROM `...', Array, false)
#4 C:\Laragon\laragon\www\ecommerce\system\Validation\StrictRules\Rules.php(206): CodeIgniter\Database\BaseBuilder->get()
#5 C:\Laragon\laragon\www\ecommerce\system\Validation\Validation.php(309): CodeIgniter\Validation\StrictRules\Rules->is_unique('JFKA@gmail.com', 'email', Array, NULL, 'email')
#6 C:\Laragon\laragon\www\ecommerce\system\Validation\Validation.php(195): CodeIgniter\Validation\Validation->processRules('email', 'email', 'JFKA@gmail.com', Array, Array)
#7 C:\Laragon\laragon\www\ecommerce\system\Controller.php(150): CodeIgniter\Validation\Validation->run()
#8 C:\Laragon\laragon\www\ecommerce\app\Controllers\SignupController.php(25): CodeIgniter\Controller->validate(Array)
#9 C:\Laragon\laragon\www\ecommerce\system\CodeIgniter.php(919): App\Controllers\SignupController->store()
#10 C:\Laragon\laragon\www\ecommerce\system\CodeIgniter.php(494): CodeIgniter\CodeIgniter->runController(Object(App\Controllers\SignupController))
#11 C:\Laragon\laragon\www\ecommerce\system\CodeIgniter.php(353): CodeIgniter\CodeIgniter->handleRequest(NULL, Object(Config\Cache), false)
#12 C:\Laragon\laragon\www\ecommerce\public\index.php(79): CodeIgniter\CodeIgniter->run()
#13 C:\Laragon\laragon\www\ecommerce\system\Commands\Server\rewrite.php(47): require_once('C:\\Laragon\\lara...')
#14 {main}
CRITICAL - 2023-10-01 07:47:36 --> Table 'codemmerce.users' doesn't exist
in SYSTEMPATH\Database\BaseConnection.php on line 646.
 1 SYSTEMPATH\Database\BaseBuilder.php(1615): CodeIgniter\Database\BaseConnection->query('SELECT 1
FROM `users`
WHERE `email` = :email:
 LIMIT 1', [...], false)
 2 SYSTEMPATH\Validation\StrictRules\Rules.php(206): CodeIgniter\Database\BaseBuilder->get()
 3 SYSTEMPATH\Validation\Validation.php(309): CodeIgniter\Validation\StrictRules\Rules->is_unique('JFKA@gmail.com', 'email', [...], null, 'email')
 4 SYSTEMPATH\Validation\Validation.php(195): CodeIgniter\Validation\Validation->processRules('email', 'email', 'JFKA@gmail.com', [...], [...])
 5 SYSTEMPATH\Controller.php(150): CodeIgniter\Validation\Validation->run()
 6 APPPATH\Controllers\SignupController.php(25): CodeIgniter\Controller->validate([...])
 7 SYSTEMPATH\CodeIgniter.php(919): App\Controllers\SignupController->store()
 8 SYSTEMPATH\CodeIgniter.php(494): CodeIgniter\CodeIgniter->runController(Object(App\Controllers\SignupController))
 9 SYSTEMPATH\CodeIgniter.php(353): CodeIgniter\CodeIgniter->handleRequest(null, Object(Config\Cache), false)
10 FCPATH\index.php(79): CodeIgniter\CodeIgniter->run()
11 SYSTEMPATH\Commands\Server\rewrite.php(47): require_once('C:\\Laragon\\laragon\\www\\ecommerce\\public\\index.php')
ERROR - 2023-10-01 07:48:42 --> mysqli_sql_exception: Table 'codemmerce.users' doesn't exist in C:\Laragon\laragon\www\ecommerce\system\Database\MySQLi\Connection.php:306
Stack trace:
#0 C:\Laragon\laragon\www\ecommerce\system\Database\MySQLi\Connection.php(306): mysqli->query('SELECT 1\nFROM `...', 0)
#1 C:\Laragon\laragon\www\ecommerce\system\Database\BaseConnection.php(692): CodeIgniter\Database\MySQLi\Connection->execute('SELECT 1\nFROM `...')
#2 C:\Laragon\laragon\www\ecommerce\system\Database\BaseConnection.php(606): CodeIgniter\Database\BaseConnection->simpleQuery('SELECT 1\nFROM `...')
#3 C:\Laragon\laragon\www\ecommerce\system\Database\BaseBuilder.php(1615): CodeIgniter\Database\BaseConnection->query('SELECT 1\nFROM `...', Array, false)
#4 C:\Laragon\laragon\www\ecommerce\system\Validation\StrictRules\Rules.php(206): CodeIgniter\Database\BaseBuilder->get()
#5 C:\Laragon\laragon\www\ecommerce\system\Validation\Validation.php(309): CodeIgniter\Validation\StrictRules\Rules->is_unique('cuasaytimjosh@g...', 'email', Array, NULL, 'email')
#6 C:\Laragon\laragon\www\ecommerce\system\Validation\Validation.php(195): CodeIgniter\Validation\Validation->processRules('email', 'email', 'cuasaytimjosh@g...', Array, Array)
#7 C:\Laragon\laragon\www\ecommerce\system\Controller.php(150): CodeIgniter\Validation\Validation->run()
#8 C:\Laragon\laragon\www\ecommerce\app\Controllers\SignupController.php(25): CodeIgniter\Controller->validate(Array)
#9 C:\Laragon\laragon\www\ecommerce\system\CodeIgniter.php(919): App\Controllers\SignupController->store()
#10 C:\Laragon\laragon\www\ecommerce\system\CodeIgniter.php(494): CodeIgniter\CodeIgniter->runController(Object(App\Controllers\SignupController))
#11 C:\Laragon\laragon\www\ecommerce\system\CodeIgniter.php(353): CodeIgniter\CodeIgniter->handleRequest(NULL, Object(Config\Cache), false)
#12 C:\Laragon\laragon\www\ecommerce\public\index.php(79): CodeIgniter\CodeIgniter->run()
#13 C:\Laragon\laragon\www\ecommerce\system\Commands\Server\rewrite.php(47): require_once('C:\\Laragon\\lara...')
#14 {main}
CRITICAL - 2023-10-01 07:48:42 --> Table 'codemmerce.users' doesn't exist
in SYSTEMPATH\Database\BaseConnection.php on line 646.
 1 SYSTEMPATH\Database\BaseBuilder.php(1615): CodeIgniter\Database\BaseConnection->query('SELECT 1
FROM `users`
WHERE `email` = :email:
 LIMIT 1', [...], false)
 2 SYSTEMPATH\Validation\StrictRules\Rules.php(206): CodeIgniter\Database\BaseBuilder->get()
 3 SYSTEMPATH\Validation\Validation.php(309): CodeIgniter\Validation\StrictRules\Rules->is_unique('cuasaytimjosh@gmail.com', 'email', [...], null, 'email')
 4 SYSTEMPATH\Validation\Validation.php(195): CodeIgniter\Validation\Validation->processRules('email', 'email', 'cuasaytimjosh@gmail.com', [...], [...])
 5 SYSTEMPATH\Controller.php(150): CodeIgniter\Validation\Validation->run()
 6 APPPATH\Controllers\SignupController.php(25): CodeIgniter\Controller->validate([...])
 7 SYSTEMPATH\CodeIgniter.php(919): App\Controllers\SignupController->store()
 8 SYSTEMPATH\CodeIgniter.php(494): CodeIgniter\CodeIgniter->runController(Object(App\Controllers\SignupController))
 9 SYSTEMPATH\CodeIgniter.php(353): CodeIgniter\CodeIgniter->handleRequest(null, Object(Config\Cache), false)
10 FCPATH\index.php(79): CodeIgniter\CodeIgniter->run()
11 SYSTEMPATH\Commands\Server\rewrite.php(47): require_once('C:\\Laragon\\laragon\\www\\ecommerce\\public\\index.php')
ERROR - 2023-10-01 07:52:08 --> mysqli_sql_exception: Table 'codemmerce.users' doesn't exist in C:\Laragon\laragon\www\ecommerce\system\Database\MySQLi\Connection.php:306
Stack trace:
#0 C:\Laragon\laragon\www\ecommerce\system\Database\MySQLi\Connection.php(306): mysqli->query('SELECT 1\nFROM `...', 0)
#1 C:\Laragon\laragon\www\ecommerce\system\Database\BaseConnection.php(692): CodeIgniter\Database\MySQLi\Connection->execute('SELECT 1\nFROM `...')
#2 C:\Laragon\laragon\www\ecommerce\system\Database\BaseConnection.php(606): CodeIgniter\Database\BaseConnection->simpleQuery('SELECT 1\nFROM `...')
#3 C:\Laragon\laragon\www\ecommerce\system\Database\BaseBuilder.php(1615): CodeIgniter\Database\BaseConnection->query('SELECT 1\nFROM `...', Array, false)
#4 C:\Laragon\laragon\www\ecommerce\system\Validation\StrictRules\Rules.php(206): CodeIgniter\Database\BaseBuilder->get()
#5 C:\Laragon\laragon\www\ecommerce\system\Validation\Validation.php(309): CodeIgniter\Validation\StrictRules\Rules->is_unique('cuasaytimjosh@g...', 'email', Array, NULL, 'email')
#6 C:\Laragon\laragon\www\ecommerce\system\Validation\Validation.php(195): CodeIgniter\Validation\Validation->processRules('email', 'email', 'cuasaytimjosh@g...', Array, Array)
#7 C:\Laragon\laragon\www\ecommerce\system\Controller.php(150): CodeIgniter\Validation\Validation->run()
#8 C:\Laragon\laragon\www\ecommerce\app\Controllers\SignupController.php(25): CodeIgniter\Controller->validate(Array)
#9 C:\Laragon\laragon\www\ecommerce\system\CodeIgniter.php(919): App\Controllers\SignupController->store()
#10 C:\Laragon\laragon\www\ecommerce\system\CodeIgniter.php(494): CodeIgniter\CodeIgniter->runController(Object(App\Controllers\SignupController))
#11 C:\Laragon\laragon\www\ecommerce\system\CodeIgniter.php(353): CodeIgniter\CodeIgniter->handleRequest(NULL, Object(Config\Cache), false)
#12 C:\Laragon\laragon\www\ecommerce\public\index.php(79): CodeIgniter\CodeIgniter->run()
#13 C:\Laragon\laragon\www\ecommerce\system\Commands\Server\rewrite.php(47): require_once('C:\\Laragon\\lara...')
#14 {main}
CRITICAL - 2023-10-01 07:52:08 --> Table 'codemmerce.users' doesn't exist
in SYSTEMPATH\Database\BaseConnection.php on line 646.
 1 SYSTEMPATH\Database\BaseBuilder.php(1615): CodeIgniter\Database\BaseConnection->query('SELECT 1
FROM `users`
WHERE `email` = :email:
 LIMIT 1', [...], false)
 2 SYSTEMPATH\Validation\StrictRules\Rules.php(206): CodeIgniter\Database\BaseBuilder->get()
 3 SYSTEMPATH\Validation\Validation.php(309): CodeIgniter\Validation\StrictRules\Rules->is_unique('cuasaytimjosh@gmail.com', 'email', [...], null, 'email')
 4 SYSTEMPATH\Validation\Validation.php(195): CodeIgniter\Validation\Validation->processRules('email', 'email', 'cuasaytimjosh@gmail.com', [...], [...])
 5 SYSTEMPATH\Controller.php(150): CodeIgniter\Validation\Validation->run()
 6 APPPATH\Controllers\SignupController.php(25): CodeIgniter\Controller->validate([...])
 7 SYSTEMPATH\CodeIgniter.php(919): App\Controllers\SignupController->store()
 8 SYSTEMPATH\CodeIgniter.php(494): CodeIgniter\CodeIgniter->runController(Object(App\Controllers\SignupController))
 9 SYSTEMPATH\CodeIgniter.php(353): CodeIgniter\CodeIgniter->handleRequest(null, Object(Config\Cache), false)
10 FCPATH\index.php(79): CodeIgniter\CodeIgniter->run()
11 SYSTEMPATH\Commands\Server\rewrite.php(47): require_once('C:\\Laragon\\laragon\\www\\ecommerce\\public\\index.php')
CRITICAL - 2023-10-01 12:39:31 --> Invalid file: "incliude/ecommerse.php"
in SYSTEMPATH\Exceptions\FrameworkException.php on line 39.
 1 SYSTEMPATH\View\View.php(214): CodeIgniter\Exceptions\FrameworkException::forInvalidFile('incliude/ecommerse.php')
 2 SYSTEMPATH\View\View.php(467): CodeIgniter\View\View->render('incliude/ecommerse', null, true)
 3 APPPATH\Views\welcome_message.php(1): CodeIgniter\View\View->include('incliude/ecommerse')
 4 SYSTEMPATH\View\View.php(226): include('C:\\Laragon\\laragon\\www\\ecommerce\\app\\Views\\welcome_message.php')
 5 SYSTEMPATH\View\View.php(229): CodeIgniter\View\View->CodeIgniter\View\{closure}()
 6 SYSTEMPATH\Common.php(1188): CodeIgniter\View\View->render('welcome_message', [], true)
 7 APPPATH\Controllers\Home.php(9): view('welcome_message')
 8 SYSTEMPATH\CodeIgniter.php(919): App\Controllers\Home->index()
 9 SYSTEMPATH\CodeIgniter.php(494): CodeIgniter\CodeIgniter->runController(Object(App\Controllers\Home))
10 SYSTEMPATH\CodeIgniter.php(353): CodeIgniter\CodeIgniter->handleRequest(null, Object(Config\Cache), false)
11 FCPATH\index.php(79): CodeIgniter\CodeIgniter->run()
12 SYSTEMPATH\Commands\Server\rewrite.php(47): require_once('C:\\Laragon\\laragon\\www\\ecommerce\\public\\index.php')
CRITICAL - 2023-10-01 12:39:49 --> Invalid file: "include/ecommerse.php"
in SYSTEMPATH\Exceptions\FrameworkException.php on line 39.
 1 SYSTEMPATH\View\View.php(214): CodeIgniter\Exceptions\FrameworkException::forInvalidFile('include/ecommerse.php')
 2 SYSTEMPATH\View\View.php(467): CodeIgniter\View\View->render('include/ecommerse', null, true)
 3 APPPATH\Views\welcome_message.php(1): CodeIgniter\View\View->include('include/ecommerse')
 4 SYSTEMPATH\View\View.php(226): include('C:\\Laragon\\laragon\\www\\ecommerce\\app\\Views\\welcome_message.php')
 5 SYSTEMPATH\View\View.php(229): CodeIgniter\View\View->CodeIgniter\View\{closure}()
 6 SYSTEMPATH\Common.php(1188): CodeIgniter\View\View->render('welcome_message', [], true)
 7 APPPATH\Controllers\Home.php(9): view('welcome_message')
 8 SYSTEMPATH\CodeIgniter.php(919): App\Controllers\Home->index()
 9 SYSTEMPATH\CodeIgniter.php(494): CodeIgniter\CodeIgniter->runController(Object(App\Controllers\Home))
10 SYSTEMPATH\CodeIgniter.php(353): CodeIgniter\CodeIgniter->handleRequest(null, Object(Config\Cache), false)
11 FCPATH\index.php(79): CodeIgniter\CodeIgniter->run()
12 SYSTEMPATH\Commands\Server\rewrite.php(47): require_once('C:\\Laragon\\laragon\\www\\ecommerce\\public\\index.php')
CRITICAL - 2023-10-01 12:39:50 --> Invalid file: "include/ecommerse.php"
in SYSTEMPATH\Exceptions\FrameworkException.php on line 39.
 1 SYSTEMPATH\View\View.php(214): CodeIgniter\Exceptions\FrameworkException::forInvalidFile('include/ecommerse.php')
 2 SYSTEMPATH\View\View.php(467): CodeIgniter\View\View->render('include/ecommerse', null, true)
 3 APPPATH\Views\welcome_message.php(1): CodeIgniter\View\View->include('include/ecommerse')
 4 SYSTEMPATH\View\View.php(226): include('C:\\Laragon\\laragon\\www\\ecommerce\\app\\Views\\welcome_message.php')
 5 SYSTEMPATH\View\View.php(229): CodeIgniter\View\View->CodeIgniter\View\{closure}()
 6 SYSTEMPATH\Common.php(1188): CodeIgniter\View\View->render('welcome_message', [], true)
 7 APPPATH\Controllers\Home.php(9): view('welcome_message')
 8 SYSTEMPATH\CodeIgniter.php(919): App\Controllers\Home->index()
 9 SYSTEMPATH\CodeIgniter.php(494): CodeIgniter\CodeIgniter->runController(Object(App\Controllers\Home))
10 SYSTEMPATH\CodeIgniter.php(353): CodeIgniter\CodeIgniter->handleRequest(null, Object(Config\Cache), false)
11 FCPATH\index.php(79): CodeIgniter\CodeIgniter->run()
12 SYSTEMPATH\Commands\Server\rewrite.php(47): require_once('C:\\Laragon\\laragon\\www\\ecommerce\\public\\index.php')
CRITICAL - 2023-10-01 12:39:50 --> Invalid file: "include/ecommerse.php"
in SYSTEMPATH\Exceptions\FrameworkException.php on line 39.
 1 SYSTEMPATH\View\View.php(214): CodeIgniter\Exceptions\FrameworkException::forInvalidFile('include/ecommerse.php')
 2 SYSTEMPATH\View\View.php(467): CodeIgniter\View\View->render('include/ecommerse', null, true)
 3 APPPATH\Views\welcome_message.php(1): CodeIgniter\View\View->include('include/ecommerse')
 4 SYSTEMPATH\View\View.php(226): include('C:\\Laragon\\laragon\\www\\ecommerce\\app\\Views\\welcome_message.php')
 5 SYSTEMPATH\View\View.php(229): CodeIgniter\View\View->CodeIgniter\View\{closure}()
 6 SYSTEMPATH\Common.php(1188): CodeIgniter\View\View->render('welcome_message', [], true)
 7 APPPATH\Controllers\Home.php(9): view('welcome_message')
 8 SYSTEMPATH\CodeIgniter.php(919): App\Controllers\Home->index()
 9 SYSTEMPATH\CodeIgniter.php(494): CodeIgniter\CodeIgniter->runController(Object(App\Controllers\Home))
10 SYSTEMPATH\CodeIgniter.php(353): CodeIgniter\CodeIgniter->handleRequest(null, Object(Config\Cache), false)
11 FCPATH\index.php(79): CodeIgniter\CodeIgniter->run()
12 SYSTEMPATH\Commands\Server\rewrite.php(47): require_once('C:\\Laragon\\laragon\\www\\ecommerce\\public\\index.php')
CRITICAL - 2023-10-01 12:39:50 --> Invalid file: "include/ecommerse.php"
in SYSTEMPATH\Exceptions\FrameworkException.php on line 39.
 1 SYSTEMPATH\View\View.php(214): CodeIgniter\Exceptions\FrameworkException::forInvalidFile('include/ecommerse.php')
 2 SYSTEMPATH\View\View.php(467): CodeIgniter\View\View->render('include/ecommerse', null, true)
 3 APPPATH\Views\welcome_message.php(1): CodeIgniter\View\View->include('include/ecommerse')
 4 SYSTEMPATH\View\View.php(226): include('C:\\Laragon\\laragon\\www\\ecommerce\\app\\Views\\welcome_message.php')
 5 SYSTEMPATH\View\View.php(229): CodeIgniter\View\View->CodeIgniter\View\{closure}()
 6 SYSTEMPATH\Common.php(1188): CodeIgniter\View\View->render('welcome_message', [], true)
 7 APPPATH\Controllers\Home.php(9): view('welcome_message')
 8 SYSTEMPATH\CodeIgniter.php(919): App\Controllers\Home->index()
 9 SYSTEMPATH\CodeIgniter.php(494): CodeIgniter\CodeIgniter->runController(Object(App\Controllers\Home))
10 SYSTEMPATH\CodeIgniter.php(353): CodeIgniter\CodeIgniter->handleRequest(null, Object(Config\Cache), false)
11 FCPATH\index.php(79): CodeIgniter\CodeIgniter->run()
12 SYSTEMPATH\Commands\Server\rewrite.php(47): require_once('C:\\Laragon\\laragon\\www\\ecommerce\\public\\index.php')
CRITICAL - 2023-10-01 12:40:03 --> Invalid file: "include/ecommerse.php"
in SYSTEMPATH\Exceptions\FrameworkException.php on line 39.
 1 SYSTEMPATH\View\View.php(214): CodeIgniter\Exceptions\FrameworkException::forInvalidFile('include/ecommerse.php')
 2 SYSTEMPATH\View\View.php(467): CodeIgniter\View\View->render('include/ecommerse', null, true)
 3 APPPATH\Views\welcome_message.php(1): CodeIgniter\View\View->include('include/ecommerse')
 4 SYSTEMPATH\View\View.php(226): include('C:\\Laragon\\laragon\\www\\ecommerce\\app\\Views\\welcome_message.php')
 5 SYSTEMPATH\View\View.php(229): CodeIgniter\View\View->CodeIgniter\View\{closure}()
 6 SYSTEMPATH\Common.php(1188): CodeIgniter\View\View->render('welcome_message', [], true)
 7 APPPATH\Controllers\Home.php(9): view('welcome_message')
 8 SYSTEMPATH\CodeIgniter.php(919): App\Controllers\Home->index()
 9 SYSTEMPATH\CodeIgniter.php(494): CodeIgniter\CodeIgniter->runController(Object(App\Controllers\Home))
10 SYSTEMPATH\CodeIgniter.php(353): CodeIgniter\CodeIgniter->handleRequest(null, Object(Config\Cache), false)
11 FCPATH\index.php(79): CodeIgniter\CodeIgniter->run()
12 SYSTEMPATH\Commands\Server\rewrite.php(47): require_once('C:\\Laragon\\laragon\\www\\ecommerce\\public\\index.php')
CRITICAL - 2023-10-01 12:40:03 --> Invalid file: "include/ecommerse.php"
in SYSTEMPATH\Exceptions\FrameworkException.php on line 39.
 1 SYSTEMPATH\View\View.php(214): CodeIgniter\Exceptions\FrameworkException::forInvalidFile('include/ecommerse.php')
 2 SYSTEMPATH\View\View.php(467): CodeIgniter\View\View->render('include/ecommerse', null, true)
 3 APPPATH\Views\welcome_message.php(1): CodeIgniter\View\View->include('include/ecommerse')
 4 SYSTEMPATH\View\View.php(226): include('C:\\Laragon\\laragon\\www\\ecommerce\\app\\Views\\welcome_message.php')
 5 SYSTEMPATH\View\View.php(229): CodeIgniter\View\View->CodeIgniter\View\{closure}()
 6 SYSTEMPATH\Common.php(1188): CodeIgniter\View\View->render('welcome_message', [], true)
 7 APPPATH\Controllers\Home.php(9): view('welcome_message')
 8 SYSTEMPATH\CodeIgniter.php(919): App\Controllers\Home->index()
 9 SYSTEMPATH\CodeIgniter.php(494): CodeIgniter\CodeIgniter->runController(Object(App\Controllers\Home))
10 SYSTEMPATH\CodeIgniter.php(353): CodeIgniter\CodeIgniter->handleRequest(null, Object(Config\Cache), false)
11 FCPATH\index.php(79): CodeIgniter\CodeIgniter->run()
12 SYSTEMPATH\Commands\Server\rewrite.php(47): require_once('C:\\Laragon\\laragon\\www\\ecommerce\\public\\index.php')
CRITICAL - 2023-10-01 12:40:05 --> Invalid file: "include/ecommerse.php"
in SYSTEMPATH\Exceptions\FrameworkException.php on line 39.
 1 SYSTEMPATH\View\View.php(214): CodeIgniter\Exceptions\FrameworkException::forInvalidFile('include/ecommerse.php')
 2 SYSTEMPATH\View\View.php(467): CodeIgniter\View\View->render('include/ecommerse', null, true)
 3 APPPATH\Views\welcome_message.php(1): CodeIgniter\View\View->include('include/ecommerse')
 4 SYSTEMPATH\View\View.php(226): include('C:\\Laragon\\laragon\\www\\ecommerce\\app\\Views\\welcome_message.php')
 5 SYSTEMPATH\View\View.php(229): CodeIgniter\View\View->CodeIgniter\View\{closure}()
 6 SYSTEMPATH\Common.php(1188): CodeIgniter\View\View->render('welcome_message', [], true)
 7 APPPATH\Controllers\Home.php(9): view('welcome_message')
 8 SYSTEMPATH\CodeIgniter.php(919): App\Controllers\Home->index()
 9 SYSTEMPATH\CodeIgniter.php(494): CodeIgniter\CodeIgniter->runController(Object(App\Controllers\Home))
10 SYSTEMPATH\CodeIgniter.php(353): CodeIgniter\CodeIgniter->handleRequest(null, Object(Config\Cache), false)
11 FCPATH\index.php(79): CodeIgniter\CodeIgniter->run()
12 SYSTEMPATH\Commands\Server\rewrite.php(47): require_once('C:\\Laragon\\laragon\\www\\ecommerce\\public\\index.php')
CRITICAL - 2023-10-01 12:41:14 --> Invalid file: "include/ecommerse.php"
in SYSTEMPATH\Exceptions\FrameworkException.php on line 39.
 1 SYSTEMPATH\View\View.php(214): CodeIgniter\Exceptions\FrameworkException::forInvalidFile('include/ecommerse.php')
 2 SYSTEMPATH\View\View.php(467): CodeIgniter\View\View->render('include/ecommerse', null, true)
 3 APPPATH\Views\welcome_message.php(1): CodeIgniter\View\View->include('include/ecommerse')
 4 SYSTEMPATH\View\View.php(226): include('C:\\Laragon\\laragon\\www\\ecommerce\\app\\Views\\welcome_message.php')
 5 SYSTEMPATH\View\View.php(229): CodeIgniter\View\View->CodeIgniter\View\{closure}()
 6 SYSTEMPATH\Common.php(1188): CodeIgniter\View\View->render('welcome_message', [], true)
 7 APPPATH\Controllers\Home.php(9): view('welcome_message')
 8 SYSTEMPATH\CodeIgniter.php(919): App\Controllers\Home->index()
 9 SYSTEMPATH\CodeIgniter.php(494): CodeIgniter\CodeIgniter->runController(Object(App\Controllers\Home))
10 SYSTEMPATH\CodeIgniter.php(353): CodeIgniter\CodeIgniter->handleRequest(null, Object(Config\Cache), false)
11 FCPATH\index.php(79): CodeIgniter\CodeIgniter->run()
12 SYSTEMPATH\Commands\Server\rewrite.php(47): require_once('C:\\Laragon\\laragon\\www\\ecommerce\\public\\index.php')
